<?xml version="1.0" encoding="UTF-8"?>
<!-- Generated by org.testng.reporters.JUnitXMLReporter -->
<testsuite ignored="0" hostname="LAPTOP-SEB04FK6" failures="0" tests="8" name="Test" time="120.394" errors="0" timestamp="2021-08-15T12:57:50 IST">
  <testcase classname="rahulshettytests.TC2_Suggestionclass" name="TC2_SuggestionClass" time="12.111"/>
  <testcase classname="rahulshettytests.TC3_Dropdown" name="TC3_dropdown" time="12.592"/>
  <testcase classname="rahulshettytests.TC4_Switchwindow" name="TC4_SwitchWindow" time="23.508"/>
  <testcase classname="rahulshettytests.TC5_Switchtab" name="TC5_SwitchTab" time="20.02"/>
  <testcase classname="rahulshettytests.TC6_Switchalert" name="TC6_SwitchAlert" time="11.923"/>
  <testcase classname="rahulshettytests.TC7_CoursesWith25" name="TC7_CoursesWith$25" time="13.609"/>
  <testcase classname="rahulshettytests.TC8_Engineersname" name="TC8_EngineersName" time="13.509"/>
  <testcase classname="rahulshettytests.TC9_Iframe" name="TC9_IFrame" time="12.173"/>
</testsuite> <!-- Test -->
